0 verbose cli /root/.nvm/versions/node/v20.0.0/bin/node /root/.nvm/versions/node/v20.0.0/bin/npm
1 info using npm@9.6.4
2 info using node@v20.0.0
3 timing npm:load:whichnode Completed in 3ms
4 timing config:load:defaults Completed in 2ms
5 timing config:load:file:/root/.nvm/versions/node/v20.0.0/lib/node_modules/npm/npmrc Completed in 0ms
6 timing config:load:builtin Completed in 0ms
7 timing config:load:cli Completed in 2ms
8 timing config:load:env Completed in 1ms
9 timing config:load:file:/root/myapp/.npmrc Completed in 0ms
10 timing config:load:project Completed in 1ms
11 timing config:load:file:/root/.npmrc Completed in 0ms
12 timing config:load:user Completed in 0ms
13 timing config:load:file:/root/.nvm/versions/node/v20.0.0/etc/npmrc Completed in 0ms
14 timing config:load:global Completed in 0ms
15 timing config:load:setEnvs Completed in 1ms
16 timing config:load Completed in 8ms
17 timing npm:load:configload Completed in 8ms
18 timing npm:load:mkdirpcache Completed in 0ms
19 timing npm:load:mkdirplogs Completed in 0ms
20 verbose title npm install
21 verbose argv "install"
22 timing npm:load:setTitle Completed in 1ms
23 timing config:load:flatten Completed in 3ms
24 timing npm:load:display Completed in 4ms
25 verbose logfile logs-max:10 dir:/root/.npm/_logs/2023-04-26T10_17_26_266Z-
26 verbose logfile /root/.npm/_logs/2023-04-26T10_17_26_266Z-debug-0.log
27 timing npm:load:logFile Completed in 8ms
28 timing npm:load:timers Completed in 1ms
29 timing npm:load:configScope Completed in 0ms
30 timing npm:load Completed in 26ms
31 timing arborist:ctor Completed in 1ms
32 silly logfile done cleaning log files
33 timing arborist:ctor Completed in 0ms
34 timing idealTree:init Completed in 17ms
35 timing idealTree:userRequests Completed in 0ms
36 silly idealTree buildDeps
37 silly fetch manifest cookie-parser@~1.4.4
38 http fetch GET 200 https://registry.npmjs.org/cookie-parser 114ms (cache miss)
39 silly fetch manifest debug@~2.6.9
40 http fetch GET 200 https://registry.npmjs.org/debug 30ms (cache miss)
41 silly fetch manifest ejs@~2.6.1
42 http fetch GET 200 https://registry.npmjs.org/ejs 40ms (cache hit)
43 silly fetch manifest express@~4.16.1
44 http fetch GET 200 https://registry.npmjs.org/express 33ms (cache miss)
45 silly fetch manifest http-errors@~1.6.3
46 http fetch GET 200 https://registry.npmjs.org/http-errors 21ms (cache miss)
47 silly fetch manifest morgan@~1.9.1
48 http fetch GET 200 https://registry.npmjs.org/morgan 20ms (cache miss)
49 silly placeDep ROOT cookie-parser@1.4.6 OK for: myapp@0.0.0 want: ~1.4.4
50 silly placeDep ROOT debug@2.6.9 OK for: myapp@0.0.0 want: ~2.6.9
51 silly placeDep ROOT ejs@2.6.2 OK for: myapp@0.0.0 want: ~2.6.1
52 silly placeDep ROOT express@4.16.4 OK for: myapp@0.0.0 want: ~4.16.1
53 silly placeDep ROOT http-errors@1.6.3 OK for: myapp@0.0.0 want: ~1.6.3
54 silly placeDep ROOT morgan@1.9.1 OK for: myapp@0.0.0 want: ~1.9.1
55 silly fetch manifest cookie@0.4.1
56 silly fetch manifest cookie-signature@1.0.6
57 silly fetch manifest ms@2.0.0
58 silly fetch manifest accepts@~1.3.5
59 silly fetch manifest array-flatten@1.1.1
60 silly fetch manifest body-parser@1.18.3
61 silly fetch manifest content-disposition@0.5.2
62 silly fetch manifest content-type@~1.0.4
63 silly fetch manifest cookie@0.3.1
64 silly fetch manifest depd@~1.1.2
65 silly fetch manifest encodeurl@~1.0.2
66 silly fetch manifest escape-html@~1.0.3
67 silly fetch manifest etag@~1.8.1
68 silly fetch manifest finalhandler@1.1.1
69 silly fetch manifest fresh@0.5.2
70 silly fetch manifest merge-descriptors@1.0.1
71 silly fetch manifest methods@~1.1.2
72 silly fetch manifest on-finished@~2.3.0
73 silly fetch manifest parseurl@~1.3.2
74 silly fetch manifest path-to-regexp@0.1.7
75 silly fetch manifest proxy-addr@~2.0.4
76 silly fetch manifest qs@6.5.2
77 silly fetch manifest range-parser@~1.2.0
78 silly fetch manifest safe-buffer@5.1.2
79 silly fetch manifest send@0.16.2
80 silly fetch manifest serve-static@1.13.2
81 silly fetch manifest setprototypeof@1.1.0
82 silly fetch manifest statuses@~1.4.0
83 silly fetch manifest type-is@~1.6.16
84 silly fetch manifest utils-merge@1.0.1
85 silly fetch manifest vary@~1.1.2
86 silly fetch manifest inherits@2.0.3
87 silly fetch manifest statuses@>= 1.4.0 < 2
88 silly fetch manifest basic-auth@~2.0.0
89 silly fetch manifest on-headers@~1.0.1
90 http fetch GET 200 https://registry.npmjs.org/cookie 138ms (cache miss)
91 http fetch GET 200 https://registry.npmjs.org/merge-descriptors 273ms (cache miss)
92 http fetch GET 200 https://registry.npmjs.org/methods 282ms (cache miss)
93 http fetch GET 200 https://registry.npmjs.org/content-type 293ms (cache miss)
94 http fetch GET 200 https://registry.npmjs.org/escape-html 291ms (cache miss)
95 http fetch GET 200 https://registry.npmjs.org/encodeurl 292ms (cache miss)
96 http fetch GET 200 https://registry.npmjs.org/basic-auth 267ms (cache miss)
97 http fetch GET 200 https://registry.npmjs.org/cookie-signature 300ms (cache miss)
98 http fetch GET 200 https://registry.npmjs.org/on-headers 269ms (cache miss)
99 http fetch GET 200 https://registry.npmjs.org/utils-merge 277ms (cache miss)
100 http fetch GET 200 https://registry.npmjs.org/vary 282ms (cache miss)
101 http fetch GET 200 https://registry.npmjs.org/content-disposition 305ms (cache miss)
102 http fetch GET 200 https://registry.npmjs.org/parseurl 297ms (cache miss)
103 http fetch GET 200 https://registry.npmjs.org/statuses 284ms (cache miss)
104 http fetch GET 200 https://registry.npmjs.org/setprototypeof 291ms (cache miss)
105 http fetch GET 200 https://registry.npmjs.org/etag 306ms (cache miss)
106 http fetch GET 200 https://registry.npmjs.org/fresh 304ms (cache miss)
107 http fetch GET 200 https://registry.npmjs.org/on-finished 301ms (cache miss)
108 http fetch GET 200 https://registry.npmjs.org/inherits 288ms (cache miss)
109 http fetch GET 200 https://registry.npmjs.org/range-parser 300ms (cache miss)
110 http fetch GET 200 https://registry.npmjs.org/depd 313ms (cache miss)
111 http fetch GET 200 https://registry.npmjs.org/array-flatten 317ms (cache miss)
112 http fetch GET 200 https://registry.npmjs.org/safe-buffer 303ms (cache miss)
113 http fetch GET 200 https://registry.npmjs.org/statuses 299ms (cache miss)
114 http fetch GET 200 https://registry.npmjs.org/cookie 317ms (cache miss)
115 http fetch GET 200 https://registry.npmjs.org/ms 327ms (cache miss)
116 http fetch GET 200 https://registry.npmjs.org/finalhandler 321ms (cache miss)
117 http fetch GET 200 https://registry.npmjs.org/proxy-addr 314ms (cache miss)
118 http fetch GET 200 https://registry.npmjs.org/accepts 330ms (cache miss)
119 http fetch GET 200 https://registry.npmjs.org/type-is 307ms (cache miss)
120 http fetch GET 200 https://registry.npmjs.org/path-to-regexp 322ms (cache miss)
121 http fetch GET 200 https://registry.npmjs.org/serve-static 319ms (cache miss)
122 http fetch GET 200 https://registry.npmjs.org/send 322ms (cache miss)
123 http fetch GET 200 https://registry.npmjs.org/body-parser 339ms (cache miss)
124 http fetch GET 200 https://registry.npmjs.org/qs 355ms (cache miss)
125 timing idealTree:#root Completed in 678ms
126 silly placeDep ROOT cookie@0.4.1 OK for: cookie-parser@1.4.6 want: 0.4.1
127 silly placeDep ROOT cookie-signature@1.0.6 OK for: cookie-parser@1.4.6 want: 1.0.6
128 timing idealTree:node_modules/cookie-parser Completed in 7ms
129 timing idealTree:node_modules/cookie Completed in 0ms
130 timing idealTree:node_modules/cookie-signature Completed in 0ms
131 silly placeDep ROOT ms@2.0.0 OK for: debug@2.6.9 want: 2.0.0
132 timing idealTree:node_modules/debug Completed in 2ms
133 timing idealTree:node_modules/ejs Completed in 0ms
134 silly placeDep ROOT accepts@1.3.8 OK for: express@4.16.4 want: ~1.3.5
135 silly placeDep ROOT array-flatten@1.1.1 OK for: express@4.16.4 want: 1.1.1
136 silly placeDep ROOT body-parser@1.18.3 OK for: express@4.16.4 want: 1.18.3
137 silly placeDep ROOT content-disposition@0.5.2 OK for: express@4.16.4 want: 0.5.2
138 silly placeDep ROOT content-type@1.0.5 OK for: express@4.16.4 want: ~1.0.4
139 silly placeDep node_modules/express cookie@0.3.1 OK for: express@4.16.4 want: 0.3.1
140 silly placeDep ROOT depd@1.1.2 OK for: express@4.16.4 want: ~1.1.2
141 silly placeDep ROOT encodeurl@1.0.2 OK for: express@4.16.4 want: ~1.0.2
142 silly placeDep ROOT escape-html@1.0.3 OK for: express@4.16.4 want: ~1.0.3
143 silly placeDep ROOT etag@1.8.1 OK for: express@4.16.4 want: ~1.8.1
144 silly placeDep ROOT finalhandler@1.1.1 OK for: express@4.16.4 want: 1.1.1
145 silly placeDep ROOT fresh@0.5.2 OK for: express@4.16.4 want: 0.5.2
146 silly placeDep ROOT merge-descriptors@1.0.1 OK for: express@4.16.4 want: 1.0.1
147 silly placeDep ROOT methods@1.1.2 OK for: express@4.16.4 want: ~1.1.2
148 silly placeDep ROOT on-finished@2.3.0 OK for: express@4.16.4 want: ~2.3.0
149 silly placeDep ROOT parseurl@1.3.3 OK for: express@4.16.4 want: ~1.3.2
150 silly placeDep ROOT path-to-regexp@0.1.7 OK for: express@4.16.4 want: 0.1.7
151 silly placeDep ROOT proxy-addr@2.0.7 OK for: express@4.16.4 want: ~2.0.4
152 silly placeDep ROOT qs@6.5.2 OK for: express@4.16.4 want: 6.5.2
153 silly placeDep ROOT range-parser@1.2.1 OK for: express@4.16.4 want: ~1.2.0
154 silly placeDep ROOT safe-buffer@5.1.2 OK for: express@4.16.4 want: 5.1.2
155 silly placeDep ROOT send@0.16.2 OK for: express@4.16.4 want: 0.16.2
156 silly placeDep ROOT serve-static@1.13.2 OK for: express@4.16.4 want: 1.13.2
157 silly placeDep ROOT setprototypeof@1.1.0 OK for: express@4.16.4 want: 1.1.0
158 silly placeDep ROOT statuses@1.4.0 OK for: express@4.16.4 want: ~1.4.0
159 silly placeDep ROOT type-is@1.6.18 OK for: express@4.16.4 want: ~1.6.16
160 silly placeDep ROOT utils-merge@1.0.1 OK for: express@4.16.4 want: 1.0.1
161 silly placeDep ROOT vary@1.1.2 OK for: express@4.16.4 want: ~1.1.2
162 silly fetch manifest mime-types@~2.1.34
163 silly fetch manifest negotiator@0.6.3
164 silly fetch manifest bytes@3.0.0
165 silly fetch manifest iconv-lite@0.4.23
166 silly fetch manifest raw-body@2.3.3
167 silly fetch manifest unpipe@~1.0.0
168 silly fetch manifest ee-first@1.1.1
169 silly fetch manifest forwarded@0.2.0
170 silly fetch manifest ipaddr.js@1.9.1
171 silly fetch manifest destroy@~1.0.4
172 silly fetch manifest mime@1.4.1
173 silly fetch manifest media-typer@0.3.0
174 silly fetch manifest mime-types@~2.1.24
175 http fetch GET 200 https://registry.npmjs.org/negotiator 103ms (cache miss)
176 http fetch GET 200 https://registry.npmjs.org/ee-first 93ms (cache miss)
177 http fetch GET 200 https://registry.npmjs.org/destroy 92ms (cache miss)
178 http fetch GET 200 https://registry.npmjs.org/unpipe 97ms (cache miss)
179 http fetch GET 200 https://registry.npmjs.org/ipaddr.js 94ms (cache miss)
180 http fetch GET 200 https://registry.npmjs.org/forwarded 96ms (cache miss)
181 http fetch GET 200 https://registry.npmjs.org/media-typer 95ms (cache miss)
182 http fetch GET 200 https://registry.npmjs.org/bytes 102ms (cache miss)
183 http fetch GET 200 https://registry.npmjs.org/mime 97ms (cache miss)
184 http fetch GET 200 https://registry.npmjs.org/iconv-lite 107ms (cache miss)
185 http fetch GET 200 https://registry.npmjs.org/raw-body 109ms (cache miss)
186 http fetch GET 200 https://registry.npmjs.org/mime-types 121ms (cache miss)
187 http fetch GET 200 https://registry.npmjs.org/mime-types 103ms (cache miss)
188 timing idealTree:node_modules/express Completed in 213ms
189 silly placeDep ROOT mime-types@2.1.35 OK for: accepts@1.3.8 want: ~2.1.34
190 silly placeDep ROOT negotiator@0.6.3 OK for: accepts@1.3.8 want: 0.6.3
191 silly fetch manifest mime-db@1.52.0
192 http fetch GET 200 https://registry.npmjs.org/mime-db 28ms (cache miss)
193 timing idealTree:node_modules/accepts Completed in 33ms
194 timing idealTree:node_modules/array-flatten Completed in 0ms
195 silly placeDep ROOT bytes@3.0.0 OK for: body-parser@1.18.3 want: 3.0.0
196 silly placeDep ROOT iconv-lite@0.4.23 OK for: body-parser@1.18.3 want: 0.4.23
197 silly placeDep ROOT raw-body@2.3.3 OK for: body-parser@1.18.3 want: 2.3.3
198 silly fetch manifest safer-buffer@>= 2.1.2 < 3
199 silly fetch manifest unpipe@1.0.0
200 http fetch GET 200 https://registry.npmjs.org/safer-buffer 21ms (cache miss)
201 timing idealTree:node_modules/body-parser Completed in 32ms
202 timing idealTree:node_modules/bytes Completed in 0ms
203 timing idealTree:node_modules/content-disposition Completed in 0ms
204 timing idealTree:node_modules/content-type Completed in 0ms
205 timing idealTree:node_modules/depd Completed in 0ms
206 timing idealTree:node_modules/encodeurl Completed in 0ms
207 timing idealTree:node_modules/escape-html Completed in 0ms
208 timing idealTree:node_modules/etag Completed in 0ms
209 silly placeDep ROOT unpipe@1.0.0 OK for: finalhandler@1.1.1 want: ~1.0.0
210 timing idealTree:node_modules/finalhandler Completed in 10ms
211 timing idealTree:node_modules/fresh Completed in 0ms
212 silly placeDep ROOT inherits@2.0.3 OK for: http-errors@1.6.3 want: 2.0.3
213 timing idealTree:node_modules/http-errors Completed in 1ms
214 silly placeDep ROOT safer-buffer@2.1.2 OK for: iconv-lite@0.4.23 want: >= 2.1.2 < 3
215 timing idealTree:node_modules/iconv-lite Completed in 1ms
216 timing idealTree:node_modules/inherits Completed in 0ms
217 timing idealTree:node_modules/merge-descriptors Completed in 1ms
218 timing idealTree:node_modules/methods Completed in 0ms
219 silly placeDep ROOT mime-db@1.52.0 OK for: mime-types@2.1.35 want: 1.52.0
220 timing idealTree:node_modules/mime-types Completed in 7ms
221 timing idealTree:node_modules/mime-db Completed in 0ms
222 silly placeDep ROOT basic-auth@2.0.1 OK for: morgan@1.9.1 want: ~2.0.0
223 silly placeDep ROOT on-headers@1.0.2 OK for: morgan@1.9.1 want: ~1.0.1
224 timing idealTree:node_modules/morgan Completed in 5ms
225 timing idealTree:node_modules/basic-auth Completed in 0ms
226 timing idealTree:node_modules/ms Completed in 0ms
227 timing idealTree:node_modules/negotiator Completed in 0ms
228 silly placeDep ROOT ee-first@1.1.1 OK for: on-finished@2.3.0 want: 1.1.1
229 timing idealTree:node_modules/on-finished Completed in 1ms
230 timing idealTree:node_modules/ee-first Completed in 0ms
231 timing idealTree:node_modules/on-headers Completed in 0ms
232 timing idealTree:node_modules/parseurl Completed in 0ms
233 timing idealTree:node_modules/path-to-regexp Completed in 0ms
234 silly placeDep ROOT forwarded@0.2.0 OK for: proxy-addr@2.0.7 want: 0.2.0
235 silly placeDep ROOT ipaddr.js@1.9.1 OK for: proxy-addr@2.0.7 want: 1.9.1
236 timing idealTree:node_modules/proxy-addr Completed in 3ms
237 timing idealTree:node_modules/forwarded Completed in 0ms
238 timing idealTree:node_modules/ipaddr.js Completed in 0ms
239 timing idealTree:node_modules/qs Completed in 0ms
240 timing idealTree:node_modules/range-parser Completed in 0ms
241 timing idealTree:node_modules/raw-body Completed in 0ms
242 timing idealTree:node_modules/safe-buffer Completed in 0ms
243 timing idealTree:node_modules/safer-buffer Completed in 0ms
244 silly placeDep ROOT destroy@1.0.4 OK for: send@0.16.2 want: ~1.0.4
245 silly placeDep ROOT mime@1.4.1 OK for: send@0.16.2 want: 1.4.1
246 timing idealTree:node_modules/send Completed in 8ms
247 timing idealTree:node_modules/destroy Completed in 0ms
248 timing idealTree:node_modules/mime Completed in 0ms
249 timing idealTree:node_modules/serve-static Completed in 0ms
250 timing idealTree:node_modules/setprototypeof Completed in 0ms
251 timing idealTree:node_modules/statuses Completed in 0ms
252 silly placeDep ROOT media-typer@0.3.0 OK for: type-is@1.6.18 want: 0.3.0
253 timing idealTree:node_modules/type-is Completed in 1ms
254 timing idealTree:node_modules/media-typer Completed in 0ms
255 timing idealTree:node_modules/unpipe Completed in 0ms
256 timing idealTree:node_modules/utils-merge Completed in 0ms
257 timing idealTree:node_modules/vary Completed in 0ms
258 timing idealTree:node_modules/express/node_modules/cookie Completed in 0ms
259 timing idealTree:buildDeps Completed in 1008ms
260 timing idealTree:fixDepFlags Completed in 1ms
261 timing idealTree Completed in 1030ms
262 timing reify:loadTrees Completed in 1031ms
263 timing reify:diffTrees Completed in 2ms
264 silly reify moves {}
265 timing reify:retireShallow Completed in 1ms
266 timing reify:createSparse Completed in 47ms
267 timing reify:loadBundles Completed in 0ms
268 silly audit bulk request {
268 silly audit   'cookie-parser': [ '1.4.6' ],
268 silly audit   debug: [ '2.6.9' ],
268 silly audit   ejs: [ '2.6.2' ],
268 silly audit   express: [ '4.16.4' ],
268 silly audit   'http-errors': [ '1.6.3' ],
268 silly audit   morgan: [ '1.9.1' ],
268 silly audit   cookie: [ '0.4.1', '0.3.1' ],
268 silly audit   'cookie-signature': [ '1.0.6' ],
268 silly audit   ms: [ '2.0.0' ],
268 silly audit   accepts: [ '1.3.8' ],
268 silly audit   'array-flatten': [ '1.1.1' ],
268 silly audit   'body-parser': [ '1.18.3' ],
268 silly audit   'content-disposition': [ '0.5.2' ],
268 silly audit   'content-type': [ '1.0.5' ],
268 silly audit   depd: [ '1.1.2' ],
268 silly audit   encodeurl: [ '1.0.2' ],
268 silly audit   'escape-html': [ '1.0.3' ],
268 silly audit   etag: [ '1.8.1' ],
268 silly audit   finalhandler: [ '1.1.1' ],
268 silly audit   fresh: [ '0.5.2' ],
268 silly audit   'merge-descriptors': [ '1.0.1' ],
268 silly audit   methods: [ '1.1.2' ],
268 silly audit   'on-finished': [ '2.3.0' ],
268 silly audit   parseurl: [ '1.3.3' ],
268 silly audit   'path-to-regexp': [ '0.1.7' ],
268 silly audit   'proxy-addr': [ '2.0.7' ],
268 silly audit   qs: [ '6.5.2' ],
268 silly audit   'range-parser': [ '1.2.1' ],
268 silly audit   'safe-buffer': [ '5.1.2' ],
268 silly audit   send: [ '0.16.2' ],
268 silly audit   'serve-static': [ '1.13.2' ],
268 silly audit   setprototypeof: [ '1.1.0' ],
268 silly audit   statuses: [ '1.4.0' ],
268 silly audit   'type-is': [ '1.6.18' ],
268 silly audit   'utils-merge': [ '1.0.1' ],
268 silly audit   vary: [ '1.1.2' ],
268 silly audit   'mime-types': [ '2.1.35' ],
268 silly audit   negotiator: [ '0.6.3' ],
268 silly audit   bytes: [ '3.0.0' ],
268 silly audit   'iconv-lite': [ '0.4.23' ],
268 silly audit   'raw-body': [ '2.3.3' ],
268 silly audit   unpipe: [ '1.0.0' ],
268 silly audit   inherits: [ '2.0.3' ],
268 silly audit   'safer-buffer': [ '2.1.2' ],
268 silly audit   'mime-db': [ '1.52.0' ],
268 silly audit   'basic-auth': [ '2.0.1' ],
268 silly audit   'on-headers': [ '1.0.2' ],
268 silly audit   'ee-first': [ '1.1.1' ],
268 silly audit   forwarded: [ '0.2.0' ],
268 silly audit   'ipaddr.js': [ '1.9.1' ],
268 silly audit   destroy: [ '1.0.4' ],
268 silly audit   mime: [ '1.4.1' ],
268 silly audit   'media-typer': [ '0.3.0' ]
268 silly audit }
269 silly tarball no local data for media-typer@https://registry.npmjs.org/media-typer/-/media-typer-0.3.0.tgz. Extracting by manifest.
270 silly tarball no local data for mime@https://registry.npmjs.org/mime/-/mime-1.4.1.tgz. Extracting by manifest.
271 silly tarball no local data for destroy@https://registry.npmjs.org/destroy/-/destroy-1.0.4.tgz. Extracting by manifest.
272 silly tarball no local data for ipaddr.js@https://registry.npmjs.org/ipaddr.js/-/ipaddr.js-1.9.1.tgz. Extracting by manifest.
273 silly tarball no local data for forwarded@https://registry.npmjs.org/forwarded/-/forwarded-0.2.0.tgz. Extracting by manifest.
274 silly tarball no local data for ee-first@https://registry.npmjs.org/ee-first/-/ee-first-1.1.1.tgz. Extracting by manifest.
275 silly tarball no local data for on-headers@https://registry.npmjs.org/on-headers/-/on-headers-1.0.2.tgz. Extracting by manifest.
276 silly tarball no local data for basic-auth@https://registry.npmjs.org/basic-auth/-/basic-auth-2.0.1.tgz. Extracting by manifest.
277 silly tarball no local data for mime-db@https://registry.npmjs.org/mime-db/-/mime-db-1.52.0.tgz. Extracting by manifest.
278 silly tarball no local data for safer-buffer@https://registry.npmjs.org/safer-buffer/-/safer-buffer-2.1.2.tgz. Extracting by manifest.
279 silly tarball no local data for inherits@https://registry.npmjs.org/inherits/-/inherits-2.0.3.tgz. Extracting by manifest.
280 silly tarball no local data for unpipe@https://registry.npmjs.org/unpipe/-/unpipe-1.0.0.tgz. Extracting by manifest.
281 silly tarball no local data for raw-body@https://registry.npmjs.org/raw-body/-/raw-body-2.3.3.tgz. Extracting by manifest.
282 silly tarball no local data for iconv-lite@https://registry.npmjs.org/iconv-lite/-/iconv-lite-0.4.23.tgz. Extracting by manifest.
283 silly tarball no local data for bytes@https://registry.npmjs.org/bytes/-/bytes-3.0.0.tgz. Extracting by manifest.
284 silly tarball no local data for negotiator@https://registry.npmjs.org/negotiator/-/negotiator-0.6.3.tgz. Extracting by manifest.
285 silly tarball no local data for mime-types@https://registry.npmjs.org/mime-types/-/mime-types-2.1.35.tgz. Extracting by manifest.
286 silly tarball no local data for vary@https://registry.npmjs.org/vary/-/vary-1.1.2.tgz. Extracting by manifest.
287 silly tarball no local data for utils-merge@https://registry.npmjs.org/utils-merge/-/utils-merge-1.0.1.tgz. Extracting by manifest.
288 silly tarball no local data for type-is@https://registry.npmjs.org/type-is/-/type-is-1.6.18.tgz. Extracting by manifest.
289 silly tarball no local data for statuses@https://registry.npmjs.org/statuses/-/statuses-1.4.0.tgz. Extracting by manifest.
290 silly tarball no local data for setprototypeof@https://registry.npmjs.org/setprototypeof/-/setprototypeof-1.1.0.tgz. Extracting by manifest.
291 silly tarball no local data for serve-static@https://registry.npmjs.org/serve-static/-/serve-static-1.13.2.tgz. Extracting by manifest.
292 silly tarball no local data for send@https://registry.npmjs.org/send/-/send-0.16.2.tgz. Extracting by manifest.
293 silly tarball no local data for safe-buffer@https://registry.npmjs.org/safe-buffer/-/safe-buffer-5.1.2.tgz. Extracting by manifest.
294 silly tarball no local data for range-parser@https://registry.npmjs.org/range-parser/-/range-parser-1.2.1.tgz. Extracting by manifest.
295 silly tarball no local data for qs@https://registry.npmjs.org/qs/-/qs-6.5.2.tgz. Extracting by manifest.
296 silly tarball no local data for proxy-addr@https://registry.npmjs.org/proxy-addr/-/proxy-addr-2.0.7.tgz. Extracting by manifest.
297 silly tarball no local data for path-to-regexp@https://registry.npmjs.org/path-to-regexp/-/path-to-regexp-0.1.7.tgz. Extracting by manifest.
298 silly tarball no local data for parseurl@https://registry.npmjs.org/parseurl/-/parseurl-1.3.3.tgz. Extracting by manifest.
299 silly tarball no local data for on-finished@https://registry.npmjs.org/on-finished/-/on-finished-2.3.0.tgz. Extracting by manifest.
300 silly tarball no local data for methods@https://registry.npmjs.org/methods/-/methods-1.1.2.tgz. Extracting by manifest.
301 silly tarball no local data for merge-descriptors@https://registry.npmjs.org/merge-descriptors/-/merge-descriptors-1.0.1.tgz. Extracting by manifest.
302 silly tarball no local data for fresh@https://registry.npmjs.org/fresh/-/fresh-0.5.2.tgz. Extracting by manifest.
303 silly tarball no local data for finalhandler@https://registry.npmjs.org/finalhandler/-/finalhandler-1.1.1.tgz. Extracting by manifest.
304 silly tarball no local data for etag@https://registry.npmjs.org/etag/-/etag-1.8.1.tgz. Extracting by manifest.
305 silly tarball no local data for escape-html@https://registry.npmjs.org/escape-html/-/escape-html-1.0.3.tgz. Extracting by manifest.
306 silly tarball no local data for encodeurl@https://registry.npmjs.org/encodeurl/-/encodeurl-1.0.2.tgz. Extracting by manifest.
307 silly tarball no local data for depd@https://registry.npmjs.org/depd/-/depd-1.1.2.tgz. Extracting by manifest.
308 silly tarball no local data for content-type@https://registry.npmjs.org/content-type/-/content-type-1.0.5.tgz. Extracting by manifest.
309 silly tarball no local data for content-disposition@https://registry.npmjs.org/content-disposition/-/content-disposition-0.5.2.tgz. Extracting by manifest.
310 silly tarball no local data for body-parser@https://registry.npmjs.org/body-parser/-/body-parser-1.18.3.tgz. Extracting by manifest.
311 silly tarball no local data for array-flatten@https://registry.npmjs.org/array-flatten/-/array-flatten-1.1.1.tgz. Extracting by manifest.
312 silly tarball no local data for accepts@https://registry.npmjs.org/accepts/-/accepts-1.3.8.tgz. Extracting by manifest.
313 silly tarball no local data for ms@https://registry.npmjs.org/ms/-/ms-2.0.0.tgz. Extracting by manifest.
314 silly tarball no local data for cookie-signature@https://registry.npmjs.org/cookie-signature/-/cookie-signature-1.0.6.tgz. Extracting by manifest.
315 silly tarball no local data for cookie@https://registry.npmjs.org/cookie/-/cookie-0.4.1.tgz. Extracting by manifest.
316 silly tarball no local data for morgan@https://registry.npmjs.org/morgan/-/morgan-1.9.1.tgz. Extracting by manifest.
317 silly tarball no local data for http-errors@https://registry.npmjs.org/http-errors/-/http-errors-1.6.3.tgz. Extracting by manifest.
318 silly tarball no local data for express@https://registry.npmjs.org/express/-/express-4.16.4.tgz. Extracting by manifest.
319 silly tarball no local data for ejs@https://registry.npmjs.org/ejs/-/ejs-2.6.2.tgz. Extracting by manifest.
320 silly tarball no local data for debug@https://registry.npmjs.org/debug/-/debug-2.6.9.tgz. Extracting by manifest.
321 silly tarball no local data for cookie-parser@https://registry.npmjs.org/cookie-parser/-/cookie-parser-1.4.6.tgz. Extracting by manifest.
322 silly tarball no local data for cookie@https://registry.npmjs.org/cookie/-/cookie-0.3.1.tgz. Extracting by manifest.
323 http fetch POST 200 https://registry.npmjs.org/-/npm/v1/security/advisories/bulk 276ms
324 timing auditReport:getReport Completed in 280ms
325 silly audit report {
325 silly audit report   ejs: [
325 silly audit report     {
325 silly audit report       id: 1089270,
325 silly audit report       url: 'https://github.com/advisories/GHSA-phwq-j96m-2c2q',
325 silly audit report       title: 'ejs template injection vulnerability',
325 silly audit report       severity: 'critical',
325 silly audit report       vulnerable_versions: '<3.1.7',
325 silly audit report       cwe: [Array],
325 silly audit report       cvss: [Object]
325 silly audit report     }
325 silly audit report   ],
325 silly audit report   qs: [
325 silly audit report     {
325 silly audit report       id: 1090135,
325 silly audit report       url: 'https://github.com/advisories/GHSA-hrpp-h998-j3pp',
325 silly audit report       title: 'qs vulnerable to Prototype Pollution',
325 silly audit report       severity: 'high',
325 silly audit report       vulnerable_versions: '>=6.5.0 <6.5.3',
325 silly audit report       cwe: [Array],
325 silly audit report       cvss: [Object]
325 silly audit report     }
325 silly audit report   ]
325 silly audit report }
326 timing metavuln:packument:ejs Completed in 1ms
327 timing metavuln:packument:qs Completed in 0ms
328 timing metavuln:cache:get:security-advisory:ejs:lowkeTukAWV0J0+ERc664J4PKXK9jbygjCA73mEiKZkwy7NS6pEluzhVHlC5JJt2IdG3HDvGVWqeVs3OGeemFA== Completed in 42ms
329 timing metavuln:load:security-advisory:ejs:1089270 Completed in 6ms
330 timing metavuln:cache:get:security-advisory:qs:rrWPBAw3evG2xU9T8UyCv5viKIoR1JsbUEXw4ObDb4ps1TxGju6VExbVAauDHeMk5nIqSMMMCx1BPSkPMao6zg== Completed in 48ms
331 timing metavuln:load:security-advisory:qs:1090135 Completed in 12ms
332 http fetch GET 200 https://registry.npmjs.org/setprototypeof/-/setprototypeof-1.1.0.tgz 663ms (cache miss)
333 timing reifyNode:node_modules/setprototypeof Completed in 739ms
334 http fetch GET 200 https://registry.npmjs.org/on-headers/-/on-headers-1.0.2.tgz 691ms (cache miss)
335 timing reifyNode:node_modules/on-headers Completed in 749ms
336 http fetch GET 200 https://registry.npmjs.org/inherits/-/inherits-2.0.3.tgz 685ms (cache miss)
337 timing reifyNode:node_modules/inherits Completed in 750ms
338 http fetch GET 200 https://registry.npmjs.org/basic-auth/-/basic-auth-2.0.1.tgz 692ms (cache miss)
339 timing reifyNode:node_modules/basic-auth Completed in 751ms
340 http fetch GET 200 https://registry.npmjs.org/media-typer/-/media-typer-0.3.0.tgz 714ms (cache miss)
341 timing reifyNode:node_modules/media-typer Completed in 766ms
342 http fetch GET 200 https://registry.npmjs.org/destroy/-/destroy-1.0.4.tgz 713ms (cache miss)
343 timing reifyNode:node_modules/destroy Completed in 765ms
344 http fetch GET 200 https://registry.npmjs.org/forwarded/-/forwarded-0.2.0.tgz 711ms (cache miss)
345 timing reifyNode:node_modules/forwarded Completed in 766ms
346 http fetch GET 200 https://registry.npmjs.org/ipaddr.js/-/ipaddr.js-1.9.1.tgz 713ms (cache miss)
347 http fetch GET 200 https://registry.npmjs.org/mime-types/-/mime-types-2.1.35.tgz 696ms (cache miss)
348 timing reifyNode:node_modules/mime-types Completed in 767ms
349 http fetch GET 200 https://registry.npmjs.org/send/-/send-0.16.2.tgz 688ms (cache miss)
350 timing reifyNode:node_modules/send Completed in 768ms
351 http fetch GET 200 https://registry.npmjs.org/bytes/-/bytes-3.0.0.tgz 698ms (cache miss)
352 timing reifyNode:node_modules/bytes Completed in 768ms
353 http fetch GET 200 https://registry.npmjs.org/range-parser/-/range-parser-1.2.1.tgz 688ms (cache miss)
354 timing reifyNode:node_modules/range-parser Completed in 768ms
355 timing metavuln:cache:put:security-advisory:ejs:lowkeTukAWV0J0+ERc664J4PKXK9jbygjCA73mEiKZkwy7NS6pEluzhVHlC5JJt2IdG3HDvGVWqeVs3OGeemFA== Completed in 453ms
356 timing metavuln:calculate:security-advisory:ejs:1089270 Completed in 502ms
357 timing reifyNode:node_modules/ipaddr.js Completed in 775ms
358 http fetch GET 200 https://registry.npmjs.org/unpipe/-/unpipe-1.0.0.tgz 711ms (cache miss)
359 timing reifyNode:node_modules/unpipe Completed in 775ms
360 http fetch GET 200 https://registry.npmjs.org/negotiator/-/negotiator-0.6.3.tgz 705ms (cache miss)
361 http fetch GET 200 https://registry.npmjs.org/vary/-/vary-1.1.2.tgz 704ms (cache miss)
362 timing reifyNode:node_modules/vary Completed in 776ms
363 http fetch GET 200 https://registry.npmjs.org/utils-merge/-/utils-merge-1.0.1.tgz 703ms (cache miss)
364 timing reifyNode:node_modules/utils-merge Completed in 776ms
365 http fetch GET 200 https://registry.npmjs.org/fresh/-/fresh-0.5.2.tgz 689ms (cache miss)
366 timing reifyNode:node_modules/fresh Completed in 774ms
367 http fetch GET 200 https://registry.npmjs.org/ee-first/-/ee-first-1.1.1.tgz 725ms (cache miss)
368 timing reifyNode:node_modules/ee-first Completed in 782ms
369 http fetch GET 200 https://registry.npmjs.org/safer-buffer/-/safer-buffer-2.1.2.tgz 718ms (cache miss)
370 timing reifyNode:node_modules/safer-buffer Completed in 782ms
371 http fetch GET 200 https://registry.npmjs.org/statuses/-/statuses-1.4.0.tgz 707ms (cache miss)
372 timing reifyNode:node_modules/statuses Completed in 782ms
373 http fetch GET 200 https://registry.npmjs.org/path-to-regexp/-/path-to-regexp-0.1.7.tgz 700ms (cache miss)
374 timing reifyNode:node_modules/path-to-regexp Completed in 782ms
375 http fetch GET 200 https://registry.npmjs.org/methods/-/methods-1.1.2.tgz 695ms (cache miss)
376 timing reifyNode:node_modules/methods Completed in 779ms
377 http fetch GET 200 https://registry.npmjs.org/content-type/-/content-type-1.0.5.tgz 688ms (cache miss)
378 timing reifyNode:node_modules/content-type Completed in 779ms
379 http fetch GET 200 https://registry.npmjs.org/content-disposition/-/content-disposition-0.5.2.tgz 687ms (cache miss)
380 timing reifyNode:node_modules/content-disposition Completed in 779ms
381 http fetch GET 200 https://registry.npmjs.org/etag/-/etag-1.8.1.tgz 694ms (cache miss)
382 timing reifyNode:node_modules/etag Completed in 780ms
383 timing metavuln:cache:put:security-advisory:qs:rrWPBAw3evG2xU9T8UyCv5viKIoR1JsbUEXw4ObDb4ps1TxGju6VExbVAauDHeMk5nIqSMMMCx1BPSkPMao6zg== Completed in 455ms
384 timing metavuln:calculate:security-advisory:qs:1090135 Completed in 515ms
385 timing metavuln:packument:express Completed in 0ms
386 timing metavuln:packument:body-parser Completed in 0ms
387 http fetch GET 200 https://registry.npmjs.org/mime/-/mime-1.4.1.tgz 747ms (cache miss)
388 timing reifyNode:node_modules/mime Completed in 799ms
389 http fetch GET 200 https://registry.npmjs.org/serve-static/-/serve-static-1.13.2.tgz 719ms (cache miss)
390 timing reifyNode:node_modules/serve-static Completed in 799ms
391 http fetch GET 200 https://registry.npmjs.org/on-finished/-/on-finished-2.3.0.tgz 712ms (cache miss)
392 timing reifyNode:node_modules/on-finished Completed in 795ms
393 http fetch GET 200 https://registry.npmjs.org/proxy-addr/-/proxy-addr-2.0.7.tgz 718ms (cache miss)
394 timing reifyNode:node_modules/proxy-addr Completed in 799ms
395 http fetch GET 200 https://registry.npmjs.org/escape-html/-/escape-html-1.0.3.tgz 708ms (cache miss)
396 timing reifyNode:node_modules/escape-html Completed in 795ms
397 http fetch GET 200 https://registry.npmjs.org/encodeurl/-/encodeurl-1.0.2.tgz 708ms (cache miss)
398 timing reifyNode:node_modules/encodeurl Completed in 796ms
399 http fetch GET 200 https://registry.npmjs.org/http-errors/-/http-errors-1.6.3.tgz 695ms (cache miss)
400 timing reifyNode:node_modules/http-errors Completed in 791ms
401 http fetch GET 200 https://registry.npmjs.org/accepts/-/accepts-1.3.8.tgz 704ms (cache miss)
402 timing reifyNode:node_modules/accepts Completed in 799ms
403 http fetch GET 200 https://registry.npmjs.org/cookie-signature/-/cookie-signature-1.0.6.tgz 703ms (cache miss)
404 timing reifyNode:node_modules/cookie-signature Completed in 799ms
405 timing metavuln:cache:get:security-advisory:express:NqkeUlgCS5noZToK9bOpyWEgJHY42T9werYdMy5PQ7Wahy6nVORSFToSQV8EdJBf6danreBCOdAu7KNVwqdzGA== Completed in 10ms
406 timing metavuln:load:security-advisory:express:rrWPBAw3evG2xU9T8UyCv5viKIoR1JsbUEXw4ObDb4ps1TxGju6VExbVAauDHeMk5nIqSMMMCx1BPSkPMao6zg== Completed in 64ms
407 timing metavuln:cache:get:security-advisory:body-parser:L1BzaK+x8OGll8adqgm55wcpocAs91yutqZjfNIGR056k3OA7WVe1YAKz2mO8DyxqtzrmOkgJ8FNmwb3jPsifg== Completed in 75ms
408 timing metavuln:load:security-advisory:body-parser:rrWPBAw3evG2xU9T8UyCv5viKIoR1JsbUEXw4ObDb4ps1TxGju6VExbVAauDHeMk5nIqSMMMCx1BPSkPMao6zg== Completed in 6ms
409 timing reifyNode:node_modules/negotiator Completed in 879ms
410 http fetch GET 200 https://registry.npmjs.org/parseurl/-/parseurl-1.3.3.tgz 795ms (cache miss)
411 timing reifyNode:node_modules/parseurl Completed in 878ms
412 http fetch GET 200 https://registry.npmjs.org/merge-descriptors/-/merge-descriptors-1.0.1.tgz 790ms (cache miss)
413 timing reifyNode:node_modules/merge-descriptors Completed in 875ms
414 http fetch GET 200 https://registry.npmjs.org/array-flatten/-/array-flatten-1.1.1.tgz 781ms (cache miss)
415 timing reifyNode:node_modules/array-flatten Completed in 875ms
416 http fetch GET 200 https://registry.npmjs.org/finalhandler/-/finalhandler-1.1.1.tgz 790ms (cache miss)
417 timing reifyNode:node_modules/finalhandler Completed in 877ms
418 http fetch GET 200 https://registry.npmjs.org/ms/-/ms-2.0.0.tgz 782ms (cache miss)
419 timing reifyNode:node_modules/ms Completed in 877ms
420 http fetch GET 200 https://registry.npmjs.org/morgan/-/morgan-1.9.1.tgz 776ms (cache miss)
421 timing reifyNode:node_modules/morgan Completed in 872ms
422 http fetch GET 200 https://registry.npmjs.org/cookie-parser/-/cookie-parser-1.4.6.tgz 773ms (cache miss)
423 timing reifyNode:node_modules/cookie-parser Completed in 873ms
424 http fetch GET 200 https://registry.npmjs.org/cookie/-/cookie-0.3.1.tgz 729ms (cache miss)
425 timing reifyNode:node_modules/express/node_modules/cookie Completed in 873ms
426 http fetch GET 200 https://registry.npmjs.org/type-is/-/type-is-1.6.18.tgz 811ms (cache miss)
427 timing reifyNode:node_modules/type-is Completed in 885ms
428 http fetch GET 200 https://registry.npmjs.org/depd/-/depd-1.1.2.tgz 790ms (cache miss)
429 http fetch GET 200 https://registry.npmjs.org/raw-body/-/raw-body-2.3.3.tgz 823ms (cache miss)
430 timing reifyNode:node_modules/raw-body Completed in 888ms
431 http fetch GET 200 https://registry.npmjs.org/cookie/-/cookie-0.4.1.tgz 788ms (cache miss)
432 timing reifyNode:node_modules/cookie Completed in 883ms
433 timing reifyNode:node_modules/depd Completed in 890ms
434 http fetch GET 200 https://registry.npmjs.org/safe-buffer/-/safe-buffer-5.1.2.tgz 824ms (cache miss)
435 timing reifyNode:node_modules/safe-buffer Completed in 903ms
436 http fetch GET 200 https://registry.npmjs.org/body-parser/-/body-parser-1.18.3.tgz 815ms (cache miss)
437 timing reifyNode:node_modules/body-parser Completed in 911ms
438 http fetch GET 200 https://registry.npmjs.org/mime-db/-/mime-db-1.52.0.tgz 859ms (cache miss)
439 timing reifyNode:node_modules/mime-db Completed in 921ms
440 http fetch GET 200 https://registry.npmjs.org/ejs/-/ejs-2.6.2.tgz 816ms (cache miss)
441 timing reifyNode:node_modules/ejs Completed in 914ms
442 http fetch GET 200 https://registry.npmjs.org/debug/-/debug-2.6.9.tgz 818ms (cache miss)
443 timing reifyNode:node_modules/debug Completed in 917ms
444 timing metavuln:cache:put:security-advisory:express:NqkeUlgCS5noZToK9bOpyWEgJHY42T9werYdMy5PQ7Wahy6nVORSFToSQV8EdJBf6danreBCOdAu7KNVwqdzGA== Completed in 59ms
445 timing metavuln:calculate:security-advisory:express:rrWPBAw3evG2xU9T8UyCv5viKIoR1JsbUEXw4ObDb4ps1TxGju6VExbVAauDHeMk5nIqSMMMCx1BPSkPMao6zg== Completed in 134ms
446 timing metavuln:cache:put:security-advisory:body-parser:L1BzaK+x8OGll8adqgm55wcpocAs91yutqZjfNIGR056k3OA7WVe1YAKz2mO8DyxqtzrmOkgJ8FNmwb3jPsifg== Completed in 52ms
447 timing metavuln:calculate:security-advisory:body-parser:rrWPBAw3evG2xU9T8UyCv5viKIoR1JsbUEXw4ObDb4ps1TxGju6VExbVAauDHeMk5nIqSMMMCx1BPSkPMao6zg== Completed in 133ms
448 timing metavuln:cache:get:security-advisory:express:isfupzYxnEMdre2W+yHgs5z+hL3nPKJdsw69COI8C+I72+QjYwwJv7Ackq6CSNAoCUEwj9nL71BcUXjGbVq0DA== Completed in 2ms
449 timing metavuln:load:security-advisory:express:L1BzaK+x8OGll8adqgm55wcpocAs91yutqZjfNIGR056k3OA7WVe1YAKz2mO8DyxqtzrmOkgJ8FNmwb3jPsifg== Completed in 24ms
450 timing metavuln:cache:put:security-advisory:express:isfupzYxnEMdre2W+yHgs5z+hL3nPKJdsw69COI8C+I72+QjYwwJv7Ackq6CSNAoCUEwj9nL71BcUXjGbVq0DA== Completed in 21ms
451 timing metavuln:calculate:security-advisory:express:L1BzaK+x8OGll8adqgm55wcpocAs91yutqZjfNIGR056k3OA7WVe1YAKz2mO8DyxqtzrmOkgJ8FNmwb3jPsifg== Completed in 47ms
452 timing auditReport:init Completed in 715ms
453 timing reify:audit Completed in 997ms
454 http fetch GET 200 https://registry.npmjs.org/express/-/express-4.16.4.tgz 882ms (cache miss)
455 timing reifyNode:node_modules/express Completed in 979ms
456 http fetch GET 200 https://registry.npmjs.org/qs/-/qs-6.5.2.tgz 908ms (cache miss)
457 timing reifyNode:node_modules/qs Completed in 989ms
458 http fetch GET 200 https://registry.npmjs.org/iconv-lite/-/iconv-lite-0.4.23.tgz 934ms (cache miss)
459 timing reifyNode:node_modules/iconv-lite Completed in 1000ms
460 timing reify:unpack Completed in 1002ms
461 timing reify:unretire Completed in 0ms
462 timing build:queue Completed in 2ms
463 timing build:link:node_modules/mime Completed in 2ms
464 timing build:link Completed in 2ms
465 timing build:deps Completed in 5ms
466 timing build Completed in 6ms
467 timing reify:build Completed in 6ms
468 timing reify:trash Completed in 0ms
469 timing reify:save Completed in 16ms
470 timing reify Completed in 2140ms
471 silly ADD node_modules/media-typer
472 silly ADD node_modules/mime
473 silly ADD node_modules/destroy
474 silly ADD node_modules/ipaddr.js
475 silly ADD node_modules/forwarded
476 silly ADD node_modules/ee-first
477 silly ADD node_modules/on-headers
478 silly ADD node_modules/basic-auth
479 silly ADD node_modules/mime-db
480 silly ADD node_modules/safer-buffer
481 silly ADD node_modules/inherits
482 silly ADD node_modules/unpipe
483 silly ADD node_modules/raw-body
484 silly ADD node_modules/iconv-lite
485 silly ADD node_modules/bytes
486 silly ADD node_modules/negotiator
487 silly ADD node_modules/mime-types
488 silly ADD node_modules/vary
489 silly ADD node_modules/utils-merge
490 silly ADD node_modules/type-is
491 silly ADD node_modules/statuses
492 silly ADD node_modules/setprototypeof
493 silly ADD node_modules/serve-static
494 silly ADD node_modules/send
495 silly ADD node_modules/safe-buffer
496 silly ADD node_modules/range-parser
497 silly ADD node_modules/qs
498 silly ADD node_modules/proxy-addr
499 silly ADD node_modules/path-to-regexp
500 silly ADD node_modules/parseurl
501 silly ADD node_modules/on-finished
502 silly ADD node_modules/methods
503 silly ADD node_modules/merge-descriptors
504 silly ADD node_modules/fresh
505 silly ADD node_modules/finalhandler
506 silly ADD node_modules/etag
507 silly ADD node_modules/escape-html
508 silly ADD node_modules/encodeurl
509 silly ADD node_modules/depd
510 silly ADD node_modules/content-type
511 silly ADD node_modules/content-disposition
512 silly ADD node_modules/body-parser
513 silly ADD node_modules/array-flatten
514 silly ADD node_modules/accepts
515 silly ADD node_modules/ms
516 silly ADD node_modules/cookie-signature
517 silly ADD node_modules/cookie
518 silly ADD node_modules/morgan
519 silly ADD node_modules/http-errors
520 silly ADD node_modules/express
521 silly ADD node_modules/express/node_modules/cookie
522 silly ADD node_modules/ejs
523 silly ADD node_modules/debug
524 silly ADD node_modules/cookie-parser
525 timing command:install Completed in 2178ms
526 verbose exit 0
527 timing npm Completed in 2217ms
528 info ok
