0 verbose cli /root/.nvm/versions/node/v20.0.0/bin/node /root/.nvm/versions/node/v20.0.0/bin/npm
1 info using npm@9.6.4
2 info using node@v20.0.0
3 timing npm:load:whichnode Completed in 3ms
4 timing config:load:defaults Completed in 2ms
5 timing config:load:file:/root/.nvm/versions/node/v20.0.0/lib/node_modules/npm/npmrc Completed in 1ms
6 timing config:load:builtin Completed in 1ms
7 timing config:load:cli Completed in 3ms
8 timing config:load:env Completed in 0ms
9 timing config:load:project Completed in 1ms
10 timing config:load:file:/root/.npmrc Completed in 1ms
11 timing config:load:user Completed in 1ms
12 timing config:load:file:/root/.nvm/versions/node/v20.0.0/etc/npmrc Completed in 0ms
13 timing config:load:global Completed in 0ms
14 timing config:load:setEnvs Completed in 1ms
15 timing config:load Completed in 9ms
16 timing npm:load:configload Completed in 9ms
17 timing npm:load:mkdirpcache Completed in 1ms
18 timing npm:load:mkdirplogs Completed in 0ms
19 verbose title npm install express-generator
20 verbose argv "install" "--global" "express-generator"
21 timing npm:load:setTitle Completed in 1ms
22 timing config:load:flatten Completed in 3ms
23 timing npm:load:display Completed in 5ms
24 verbose logfile logs-max:10 dir:/root/.npm/_logs/2023-04-26T10_17_01_250Z-
25 verbose logfile /root/.npm/_logs/2023-04-26T10_17_01_250Z-debug-0.log
26 timing npm:load:logFile Completed in 9ms
27 timing npm:load:timers Completed in 0ms
28 timing npm:load:configScope Completed in 0ms
29 timing npm:load Completed in 28ms
30 timing config:load:flatten Completed in 1ms
31 timing arborist:ctor Completed in 1ms
32 silly logfile done cleaning log files
33 timing idealTree:init Completed in 12ms
34 timing idealTree:userRequests Completed in 2ms
35 silly idealTree buildDeps
36 silly fetch manifest express-generator@*
37 http fetch GET 200 https://registry.npmjs.org/npm 223ms (cache miss)
38 http fetch GET 200 https://registry.npmjs.org/express-generator 373ms (cache miss)
39 silly placeDep ROOT express-generator@4.16.1 OK for:  want: *
40 silly fetch manifest commander@2.15.1
41 silly fetch manifest ejs@2.6.1
42 silly fetch manifest minimatch@3.0.4
43 silly fetch manifest mkdirp@0.5.1
44 silly fetch manifest sorted-object@2.0.1
45 http fetch GET 200 https://registry.npmjs.org/ejs 70ms (cache miss)
46 http fetch GET 200 https://registry.npmjs.org/commander 77ms (cache miss)
47 http fetch GET 200 https://registry.npmjs.org/mkdirp 104ms (cache miss)
48 http fetch GET 200 https://registry.npmjs.org/minimatch 107ms (cache miss)
49 http fetch GET 200 https://registry.npmjs.org/sorted-object 169ms (cache miss)
50 timing idealTree:#root Completed in 563ms
51 silly placeDep node_modules/express-generator commander@2.15.1 OK for: express-generator@4.16.1 want: 2.15.1
52 silly placeDep node_modules/express-generator ejs@2.6.1 OK for: express-generator@4.16.1 want: 2.6.1
53 silly placeDep node_modules/express-generator minimatch@3.0.4 OK for: express-generator@4.16.1 want: 3.0.4
54 silly placeDep node_modules/express-generator mkdirp@0.5.1 OK for: express-generator@4.16.1 want: 0.5.1
55 silly placeDep node_modules/express-generator sorted-object@2.0.1 OK for: express-generator@4.16.1 want: 2.0.1
56 silly fetch manifest brace-expansion@^1.1.7
57 silly fetch manifest minimist@0.0.8
58 http fetch GET 200 https://registry.npmjs.org/minimist 31ms (cache miss)
59 http fetch GET 200 https://registry.npmjs.org/brace-expansion 32ms (cache miss)
60 timing idealTree:node_modules/express-generator Completed in 50ms
61 timing idealTree:node_modules/express-generator/node_modules/commander Completed in 0ms
62 timing idealTree:node_modules/express-generator/node_modules/ejs Completed in 0ms
63 silly placeDep node_modules/express-generator brace-expansion@1.1.11 OK for: minimatch@3.0.4 want: ^1.1.7
64 silly fetch manifest balanced-match@^1.0.0
65 silly fetch manifest concat-map@0.0.1
66 http fetch GET 200 https://registry.npmjs.org/balanced-match 20ms (cache miss)
67 http fetch GET 200 https://registry.npmjs.org/concat-map 29ms (cache miss)
68 timing idealTree:node_modules/express-generator/node_modules/minimatch Completed in 33ms
69 silly placeDep node_modules/express-generator balanced-match@1.0.2 OK for: brace-expansion@1.1.11 want: ^1.0.0
70 silly placeDep node_modules/express-generator concat-map@0.0.1 OK for: brace-expansion@1.1.11 want: 0.0.1
71 timing idealTree:node_modules/express-generator/node_modules/brace-expansion Completed in 4ms
72 timing idealTree:node_modules/express-generator/node_modules/balanced-match Completed in 0ms
73 timing idealTree:node_modules/express-generator/node_modules/concat-map Completed in 0ms
74 silly placeDep node_modules/express-generator minimist@0.0.8 OK for: mkdirp@0.5.1 want: 0.0.8
75 timing idealTree:node_modules/express-generator/node_modules/mkdirp Completed in 3ms
76 timing idealTree:node_modules/express-generator/node_modules/minimist Completed in 0ms
77 timing idealTree:node_modules/express-generator/node_modules/sorted-object Completed in 0ms
78 timing idealTree:buildDeps Completed in 653ms
79 timing idealTree:fixDepFlags Completed in 1ms
80 timing idealTree Completed in 670ms
81 timing reify:loadTrees Completed in 673ms
82 timing reify:diffTrees Completed in 2ms
83 silly reify moves {}
84 timing reify:retireShallow Completed in 1ms
85 timing reify:createSparse Completed in 3ms
86 timing reify:loadBundles Completed in 0ms
87 silly tarball no local data for express-generator@https://registry.npmjs.org/express-generator/-/express-generator-4.16.1.tgz. Extracting by manifest.
88 silly tarball no local data for minimist@https://registry.npmjs.org/minimist/-/minimist-0.0.8.tgz. Extracting by manifest.
89 silly tarball no local data for concat-map@https://registry.npmjs.org/concat-map/-/concat-map-0.0.1.tgz. Extracting by manifest.
90 silly tarball no local data for balanced-match@https://registry.npmjs.org/balanced-match/-/balanced-match-1.0.2.tgz. Extracting by manifest.
91 silly tarball no local data for brace-expansion@https://registry.npmjs.org/brace-expansion/-/brace-expansion-1.1.11.tgz. Extracting by manifest.
92 silly tarball no local data for sorted-object@https://registry.npmjs.org/sorted-object/-/sorted-object-2.0.1.tgz. Extracting by manifest.
93 silly tarball no local data for mkdirp@https://registry.npmjs.org/mkdirp/-/mkdirp-0.5.1.tgz. Extracting by manifest.
94 silly tarball no local data for minimatch@https://registry.npmjs.org/minimatch/-/minimatch-3.0.4.tgz. Extracting by manifest.
95 silly tarball no local data for ejs@https://registry.npmjs.org/ejs/-/ejs-2.6.1.tgz. Extracting by manifest.
96 silly tarball no local data for commander@https://registry.npmjs.org/commander/-/commander-2.15.1.tgz. Extracting by manifest.
97 http fetch GET 200 https://registry.npmjs.org/balanced-match/-/balanced-match-1.0.2.tgz 148ms (cache miss)
98 timing reifyNode:node_modules/express-generator/node_modules/balanced-match Completed in 165ms
99 http fetch GET 200 https://registry.npmjs.org/brace-expansion/-/brace-expansion-1.1.11.tgz 149ms (cache miss)
100 timing reifyNode:node_modules/express-generator/node_modules/brace-expansion Completed in 166ms
101 http fetch GET 200 https://registry.npmjs.org/concat-map/-/concat-map-0.0.1.tgz 156ms (cache miss)
102 timing reifyNode:node_modules/express-generator/node_modules/concat-map Completed in 172ms
103 http fetch GET 200 https://registry.npmjs.org/sorted-object/-/sorted-object-2.0.1.tgz 168ms (cache miss)
104 timing reifyNode:node_modules/express-generator/node_modules/sorted-object Completed in 186ms
105 http fetch GET 200 https://registry.npmjs.org/minimist/-/minimist-0.0.8.tgz 174ms (cache miss)
106 timing reifyNode:node_modules/express-generator/node_modules/minimist Completed in 192ms
107 http fetch GET 200 https://registry.npmjs.org/minimatch/-/minimatch-3.0.4.tgz 181ms (cache miss)
108 timing reifyNode:node_modules/express-generator/node_modules/minimatch Completed in 199ms
109 http fetch GET 200 https://registry.npmjs.org/mkdirp/-/mkdirp-0.5.1.tgz 201ms (cache miss)
110 http fetch GET 200 https://registry.npmjs.org/commander/-/commander-2.15.1.tgz 200ms (cache miss)
111 timing reifyNode:node_modules/express-generator/node_modules/commander Completed in 220ms
112 warn deprecated mkdirp@0.5.1: Legacy versions of mkdirp are no longer supported. Please update to mkdirp 1.x. (Note that the API surface has changed to use Promises in 1.x.)
113 timing reifyNode:node_modules/express-generator/node_modules/mkdirp Completed in 224ms
114 http fetch GET 200 https://registry.npmjs.org/express-generator/-/express-generator-4.16.1.tgz 213ms (cache miss)
115 http fetch GET 200 https://registry.npmjs.org/ejs/-/ejs-2.6.1.tgz 209ms (cache miss)
116 timing reifyNode:node_modules/express-generator/node_modules/ejs Completed in 228ms
117 timing reifyNode:node_modules/express-generator Completed in 229ms
118 timing reify:unpack Completed in 231ms
119 timing reify:unretire Completed in 0ms
120 timing build:queue Completed in 1ms
121 timing build:link:node_modules/express-generator/node_modules/mkdirp Completed in 2ms
122 timing build:link:node_modules/express-generator Completed in 3ms
123 timing build:link Completed in 3ms
124 timing build:deps Completed in 4ms
125 timing build Completed in 5ms
126 timing reify:build Completed in 5ms
127 timing reify:trash Completed in 0ms
128 timing reify Completed in 1005ms
129 silly ADD node_modules/express-generator
130 silly ADD node_modules/express-generator/node_modules/minimist
131 silly ADD node_modules/express-generator/node_modules/concat-map
132 silly ADD node_modules/express-generator/node_modules/balanced-match
133 silly ADD node_modules/express-generator/node_modules/brace-expansion
134 silly ADD node_modules/express-generator/node_modules/sorted-object
135 silly ADD node_modules/express-generator/node_modules/mkdirp
136 silly ADD node_modules/express-generator/node_modules/minimatch
137 silly ADD node_modules/express-generator/node_modules/ejs
138 silly ADD node_modules/express-generator/node_modules/commander
139 timing command:install Completed in 1012ms
140 notice
140 notice New [32mpatch[39m version of npm available! [31m9.6.4[39m -> [32m9.6.5[39m
140 notice Changelog: [36mhttps://github.com/npm/cli/releases/tag/v9.6.5[39m
140 notice Run [32mnpm install -g npm@9.6.5[39m to update!
140 notice
141 verbose exit 0
142 timing npm Completed in 1067ms
143 info ok
